<?xml version="1.0" encoding="UTF-8"?>
<Site BuildName="Linux-g++"
	BuildStamp="20231211-1347-Experimental"
	Name="linhao-virtual-machine"
	Generator="ctest-3.22.1"
	CompilerName="/usr/bin/g++"
	CompilerVersion="11.4.0"
	OSName="Linux"
	Hostname="linhao-virtual-machine"
	OSRelease="6.2.0-37-generic"
	OSVersion="#38~22.04.1-Ubuntu SMP PREEMPT_DYNAMIC Thu Nov  2 18:01:13 UTC 2"
	OSPlatform="x86_64"
	Is64Bits="1"
	VendorString="AuthenticAMD"
	VendorID="Advanced Micro Devices"
	FamilyID="25"
	ModelID="97"
	ProcessorCacheSize="1024"
	NumberOfLogicalCPU="2"
	NumberOfPhysicalCPU="2"
	TotalVirtualMemory="2139"
	TotalPhysicalMemory="3871"
	LogicalProcessorsPerPhysical="1"
	ProcessorClockFrequency="2495.25"
	>
	<Testing>
		<StartDateTime>Dec 11 23:31 CST</StartDateTime>
		<StartTestTime>1702308661</StartTestTime>
		<TestList/>
		<EndDateTime>Dec 11 23:31 CST</EndDateTime>
		<EndTestTime>1702308661</EndTestTime>
		<ElapsedMinutes>0</ElapsedMinutes>
	</Testing>
</Site>
